2026-03-28 22:22:59,958 | INFO     | app | Starting QA API on http://0.0.0.0:8000
2026-03-28 22:23:00,712 | INFO     | qa_api | Warming up QA model ģ
2026-03-28 22:23:20,949 | INFO     | model.inference | Initialising QA pipeline ģ
2026-03-28 22:23:21,573 | INFO     | httpx | HTTP Request: HEAD https://huggingface.co/distilbert-base-cased-distilled-squad/resolve/main/config.json "HTTP/1.1 200 OK"
2026-03-28 22:23:21,889 | INFO     | httpx | HTTP Request: GET https://huggingface.co/distilbert-base-cased-distilled-squad/resolve/main/config.json "HTTP/1.1 200 OK"
2026-03-28 22:26:55,373 | INFO     | app | Starting QA API on http://0.0.0.0:8000
2026-03-28 22:26:55,697 | INFO     | qa_api | Warming up QA model ģ
2026-03-28 22:27:00,407 | INFO     | model.inference | Initialising QA pipeline ģ
2026-03-28 22:27:00,932 | INFO     | httpx | HTTP Request: HEAD https://huggingface.co/distilbert-base-cased-distilled-squad/resolve/main/config.json "HTTP/1.1 200 OK"
2026-03-28 22:27:50,182 | INFO     | app | Starting QA API on http://0.0.0.0:8000
2026-03-28 22:27:50,472 | INFO     | qa_api | Warming up QA model ģ
2026-03-28 22:27:55,212 | INFO     | model.inference | Initialising QA pipeline ģ
2026-03-28 22:27:55,753 | INFO     | httpx | HTTP Request: HEAD https://huggingface.co/distilbert-base-cased-distilled-squad/resolve/main/config.json "HTTP/1.1 200 OK"
2026-03-28 22:27:55,753 | WARNING  | huggingface_hub.utils._http | Warning: You are sending unauthenticated requests to the HF Hub. Please set a HF_TOKEN to enable higher rate limits and faster downloads.
2026-03-28 22:29:18,196 | INFO     | app | Starting QA API on http://0.0.0.0:8000
2026-03-28 22:29:18,532 | INFO     | qa_api | Warming up QA model ģ
2026-03-28 22:29:24,337 | INFO     | model.inference | Initialising QA pipeline ģ
2026-03-28 22:29:24,777 | INFO     | httpx | HTTP Request: HEAD https://huggingface.co/distilbert-base-cased-distilled-squad/resolve/main/config.json "HTTP/1.1 200 OK"
2026-03-28 22:29:25,092 | INFO     | httpx | HTTP Request: HEAD https://huggingface.co/distilbert-base-cased-distilled-squad/resolve/main/config.json "HTTP/1.1 200 OK"
2026-03-28 22:29:25,582 | INFO     | httpx | HTTP Request: HEAD https://huggingface.co/distilbert-base-cased-distilled-squad/resolve/main/model.safetensors "HTTP/1.1 302 Found"
2026-03-28 22:29:25,583 | WARNING  | huggingface_hub.utils._http | Warning: You are sending unauthenticated requests to the HF Hub. Please set a HF_TOKEN to enable higher rate limits and faster downloads.
2026-03-28 22:29:26,052 | INFO     | httpx | HTTP Request: GET https://huggingface.co/api/models/distilbert/distilbert-base-cased-distilled-squad/xet-read-token/564e9b582944a57a3e586bbb98fd6f0a4118db7f "HTTP/1.1 200 OK"
2026-03-28 22:30:20,938 | INFO     | httpx | HTTP Request: HEAD https://huggingface.co/distilbert-base-cased-distilled-squad/resolve/main/tokenizer_config.json "HTTP/1.1 200 OK"
2026-03-28 22:30:21,222 | INFO     | httpx | HTTP Request: GET https://huggingface.co/distilbert-base-cased-distilled-squad/resolve/main/tokenizer_config.json "HTTP/1.1 200 OK"
2026-03-28 22:30:21,529 | INFO     | httpx | HTTP Request: GET https://huggingface.co/api/models/distilbert-base-cased-distilled-squad/tree/main/additional_chat_templates?recursive=false&expand=false "HTTP/1.1 307 Temporary Redirect"
2026-03-28 22:30:21,794 | INFO     | httpx | HTTP Request: GET https://huggingface.co/api/models/distilbert/distilbert-base-cased-distilled-squad/tree/main/additional_chat_templates?recursive=false&expand=false "HTTP/1.1 404 Not Found"
2026-03-28 22:30:22,067 | INFO     | httpx | HTTP Request: GET https://huggingface.co/api/models/distilbert-base-cased-distilled-squad/tree/main?recursive=true&expand=false "HTTP/1.1 307 Temporary Redirect"
2026-03-28 22:30:22,332 | INFO     | httpx | HTTP Request: GET https://huggingface.co/api/models/distilbert/distilbert-base-cased-distilled-squad/tree/main?recursive=true&expand=false "HTTP/1.1 200 OK"
2026-03-28 22:30:22,602 | INFO     | httpx | HTTP Request: HEAD https://huggingface.co/distilbert-base-cased-distilled-squad/resolve/main/vocab.txt "HTTP/1.1 200 OK"
2026-03-28 22:30:23,034 | INFO     | httpx | HTTP Request: GET https://huggingface.co/distilbert-base-cased-distilled-squad/resolve/main/vocab.txt "HTTP/1.1 200 OK"
2026-03-28 22:30:23,480 | INFO     | httpx | HTTP Request: HEAD https://huggingface.co/distilbert-base-cased-distilled-squad/resolve/main/tokenizer.json "HTTP/1.1 200 OK"
2026-03-28 22:30:23,766 | INFO     | httpx | HTTP Request: GET https://huggingface.co/distilbert-base-cased-distilled-squad/resolve/main/tokenizer.json "HTTP/1.1 200 OK"
2026-03-28 22:30:24,292 | INFO     | httpx | HTTP Request: HEAD https://huggingface.co/distilbert-base-cased-distilled-squad/resolve/main/added_tokens.json "HTTP/1.1 404 Not Found"
2026-03-28 22:30:24,612 | INFO     | httpx | HTTP Request: HEAD https://huggingface.co/distilbert-base-cased-distilled-squad/resolve/main/special_tokens_map.json "HTTP/1.1 404 Not Found"
2026-03-28 22:30:24,932 | INFO     | httpx | HTTP Request: HEAD https://huggingface.co/distilbert-base-cased-distilled-squad/resolve/main/chat_template.jinja "HTTP/1.1 404 Not Found"
2026-03-28 22:30:25,422 | INFO     | httpx | HTTP Request: HEAD https://huggingface.co/distilbert-base-cased-distilled-squad/resolve/main/processor_config.json "HTTP/1.1 404 Not Found"
2026-03-28 22:30:25,732 | INFO     | httpx | HTTP Request: HEAD https://huggingface.co/distilbert-base-cased-distilled-squad/resolve/main/preprocessor_config.json "HTTP/1.1 404 Not Found"
2026-03-28 22:30:25,992 | INFO     | httpx | HTTP Request: HEAD https://huggingface.co/distilbert-base-cased-distilled-squad/resolve/main/processor_config.json "HTTP/1.1 404 Not Found"
2026-03-28 22:30:26,288 | INFO     | httpx | HTTP Request: HEAD https://huggingface.co/distilbert-base-cased-distilled-squad/resolve/main/config.json "HTTP/1.1 200 OK"
2026-03-28 22:30:26,561 | INFO     | httpx | HTTP Request: HEAD https://huggingface.co/distilbert-base-cased-distilled-squad/resolve/main/processor_config.json "HTTP/1.1 404 Not Found"
2026-03-28 22:30:26,838 | INFO     | httpx | HTTP Request: HEAD https://huggingface.co/distilbert-base-cased-distilled-squad/resolve/main/preprocessor_config.json "HTTP/1.1 404 Not Found"
2026-03-28 22:30:26,838 | INFO     | model.qa_model | Inference pipeline ready (model=distilbert-base-cased-distilled-squad)
2026-03-28 22:30:26,838 | ERROR    | model.inference | Inference error: DocumentQuestionAnsweringPipeline.__call__() missing 1 required positional argument: 'image'
Traceback (most recent call last):
  File "C:\Users\deept\Downloads\QUESTIONING_ANSWER\model\inference.py", line 82, in ask_question
    raw = pipe(
          ^^^^^
TypeError: DocumentQuestionAnsweringPipeline.__call__() missing 1 required positional argument: 'image'
2026-03-28 22:30:26,838 | INFO     | qa_api | Model ready.
2026-03-28 22:31:56,632 | INFO     | qa_api | Shutting down.
2026-03-28 22:41:09,493 | INFO     | app | Starting QA API on http://0.0.0.0:8000
2026-03-28 22:41:09,808 | INFO     | qa_api | Warming up QA model ģ
2026-03-28 22:41:13,730 | INFO     | model.inference | Initialising QA pipeline ģ
2026-03-28 22:41:14,438 | INFO     | model.qa_model | Inference pipeline ready (model=distilbert-base-cased-distilled-squad)
2026-03-28 22:41:16,133 | INFO     | qa_api | Model ready.
2026-03-30 15:20:33,031 | INFO     | app | Starting QA API on http://0.0.0.0:8000
2026-03-30 15:20:34,113 | INFO     | qa_api | Warming up QA model ģ
2026-03-30 15:20:46,839 | INFO     | model.inference | Initialising QA pipeline ģ
2026-03-30 15:20:48,468 | INFO     | model.qa_model | Inference pipeline ready (model=distilbert-base-cased-distilled-squad)
2026-03-30 15:20:50,510 | INFO     | qa_api | Model ready.
2026-03-30 15:39:07,477 | INFO     | qa_api | Shutting down.
2026-03-30 15:55:25,918 | INFO     | app | Starting QA API on http://0.0.0.0:8000
2026-03-30 15:55:26,265 | INFO     | qa_api | Warming up QA model ...
2026-03-30 15:55:29,846 | INFO     | model.inference | Initialising QA pipeline ģ
2026-03-30 15:55:32,122 | INFO     | model.qa_model | Inference pipeline ready (model=distilbert-base-cased-distilled-squad)
2026-03-30 15:55:33,275 | INFO     | qa_api | Model ready.
2026-03-30 15:58:21,483 | INFO     | qa_api | OPTIONS /ask -> 200 (0.9 ms)
2026-03-30 15:58:21,624 | INFO     | qa_api | POST /ask -> 200 (139.2 ms)
2026-03-30 15:58:45,638 | INFO     | qa_api | OPTIONS /ask -> 200 (0.5 ms)
2026-03-30 15:58:45,766 | INFO     | qa_api | POST /ask -> 200 (120.5 ms)
2026-03-30 15:58:59,672 | INFO     | qa_api | OPTIONS /ask -> 200 (0.7 ms)
2026-03-30 15:58:59,788 | INFO     | qa_api | POST /ask -> 200 (114.7 ms)
2026-03-30 15:59:18,908 | INFO     | qa_api | OPTIONS /ask -> 200 (0.5 ms)
2026-03-30 15:59:19,036 | INFO     | qa_api | POST /ask -> 200 (123.9 ms)
2026-03-30 21:51:34,146 | INFO     | app | Loading data from data\sample_dataset.json ģ
2026-03-30 21:51:34,179 | INFO     | data.dataset_loader | Loaded 801 QA samples from data\sample_dataset.json
2026-03-30 21:51:34,197 | INFO     | model.qa_model | Loading tokenizer: distilbert-base-cased-distilled-squad
2026-03-30 21:51:34,900 | INFO     | model.qa_model | Loading model: distilbert-base-cased-distilled-squad
2026-03-30 21:51:35,526 | INFO     | model.qa_model | Model device: cpu | params: 65,192,450
2026-03-30 21:51:35,526 | INFO     | app | Tokenising ģ
2026-03-30 21:51:35,724 | INFO     | data.dataset_loader | Tokenisation complete.
2026-03-30 21:51:35,724 | INFO     | app | Fine-tuning for 3 epoch(s) ģ
2026-03-30 21:51:35,724 | INFO     | model.qa_model | Loading tokenizer: distilbert-base-cased-distilled-squad
2026-03-30 21:51:36,125 | INFO     | model.qa_model | Loading model: distilbert-base-cased-distilled-squad
2026-03-30 21:51:36,572 | INFO     | model.qa_model | Model device: cpu | params: 65,192,450
2026-03-30 21:51:36,678 | INFO     | model.qa_model | Starting fine-tuning for 3 epoch(s) ģ
2026-03-30 22:24:28,435 | INFO     | model.qa_model | Fine-tuned model saved to C:\Users\deept\Downloads\QUESTIONING_ANSWER\model\checkpoints\finetuned-qa
2026-03-30 22:27:00,170 | INFO     | app | Evaluating on C:\Users\deept\Downloads\QUESTIONING_ANSWER\data\sample_dataset.json ģ
2026-03-30 22:27:00,173 | INFO     | data.dataset_loader | Loaded 801 QA samples from C:\Users\deept\Downloads\QUESTIONING_ANSWER\data\sample_dataset.json
2026-03-30 22:27:04,061 | INFO     | model.inference | Initialising QA pipeline ģ
2026-03-30 22:27:05,326 | INFO     | model.qa_model | Inference pipeline ready (model=distilbert-base-cased-distilled-squad)
2026-03-30 22:28:13,991 | INFO     | app | Metrics saved to C:\Users\deept\Downloads\QUESTIONING_ANSWER\evaluation\results.json
2026-03-30 22:28:40,489 | INFO     | app | Starting QA API on http://0.0.0.0:8000
2026-03-30 22:28:40,991 | INFO     | qa_api | Warming up QA model ...
2026-03-30 22:28:44,698 | INFO     | model.inference | Initialising QA pipeline ģ
2026-03-30 22:28:46,231 | INFO     | model.qa_model | Inference pipeline ready (model=distilbert-base-cased-distilled-squad)
2026-03-30 22:28:47,492 | INFO     | qa_api | Model ready.
2026-03-30 22:30:49,977 | INFO     | qa_api | GET /docs -> 200 (0.8 ms)
2026-03-30 22:30:50,218 | INFO     | qa_api | GET /openapi.json -> 200 (25.0 ms)
2026-03-30 22:33:49,315 | INFO     | qa_api | GET / -> 404 (1.0 ms)
2026-03-30 22:33:49,483 | INFO     | qa_api | GET /favicon.ico -> 404 (0.5 ms)
2026-03-30 22:37:04,573 | INFO     | qa_api | OPTIONS /ask -> 200 (0.7 ms)
2026-03-30 22:37:04,735 | INFO     | qa_api | POST /ask -> 200 (163.2 ms)
2026-03-30 22:37:18,963 | INFO     | qa_api | OPTIONS /ask -> 200 (0.3 ms)
2026-03-30 22:37:19,078 | INFO     | qa_api | POST /ask -> 200 (118.0 ms)
2026-03-30 22:38:02,427 | INFO     | qa_api | OPTIONS /ask -> 200 (0.4 ms)
2026-03-30 22:38:02,555 | INFO     | qa_api | POST /ask -> 200 (119.9 ms)
